<?xml version="1.0" encoding="UTF-8"?>
<!-- Generated by org.testng.reporters.JUnitXMLReporter -->
<testsuite ignored="2" hostname="DESKTOP-OQRER6G" failures="0" tests="4" name="Test" time="0.202" errors="0" timestamp="2025-10-31T15:18:02 IST">
  <testcase classname="com.crm.concast.contacttest.CreateContactTest" name="createContact" time="0.021"/>
  <testcase classname="com.crm.concast.contacttest.CreateContactTest" name="createName" time="0.006"/>
  <testcase classname="com.crm.concast.orgtest.CreateOrgTest" name="createContact" time="0.004"/>
  <testcase classname="com.crm.concast.orgtest.CreateOrgTest" name="createName" time="0.002"/>
  <testcase classname="com.crm.generic.baseclassutility.BaseClass" name="@AfterSuite ConfigAfterSuite" time="0.0">
    <ignored/>
  </testcase> <!-- @AfterSuite ConfigAfterSuite -->
  <testcase classname="com.crm.generic.baseclassutility.BaseClass" name="@BeforeSuite ConfigBeforeSuite" time="0.0">
    <ignored/>
  </testcase> <!-- @BeforeSuite ConfigBeforeSuite -->
</testsuite> <!-- Test -->
