<?xml version="1.0" encoding="UTF-8"?>
<!-- Generated by org.testng.reporters.JUnitReportReporter -->
<testsuite hostname="DESKTOP-OQRER6G" failures="0" tests="3" name="TestNag.Priorityyyy" time="0.040" errors="0" timestamp="2025-10-30T17:45:52 IST" skipped="0">
  <testcase classname="TestNag.Priorityyyy" name="modifyContactTest" time="0.030"/>
  <testcase classname="TestNag.Priorityyyy" name="deleteContactTest" time="0.008"/>
  <testcase classname="TestNag.Priorityyyy" name="createContactTest" time="0.002"/>
</testsuite> <!-- TestNag.Priorityyyy -->
