<?xml version="1.0" encoding="UTF-8"?>
<!-- Generated by org.testng.reporters.JUnitReportReporter -->
<testsuite hostname="DESKTOP-OQRER6G" failures="0" tests="3" name="Sample.TestCasesss.Sample" time="0.046" errors="0" timestamp="2025-11-06T12:40:41 IST" skipped="0">
  <testcase classname="Sample.TestCasesss.Sample" name="createContactWithOrg" time="0.009"/>
  <testcase classname="Sample.TestCasesss.Sample" name="createContact" time="0.030"/>
  <testcase classname="Sample.TestCasesss.Sample" name="createContactWithPhoneNumber" time="0.007"/>
</testsuite> <!-- Sample.TestCasesss.Sample -->
