<?xml version="1.0" encoding="UTF-8"?>
<!-- Generated by org.testng.reporters.JUnitReportReporter -->
<testsuite hostname="DESKTOP-OQRER6G" failures="0" tests="2" name="com.crm.concast.contacttest.CreateContactTest" time="0.035" errors="0" timestamp="2025-10-31T15:18:02 IST" skipped="0">
  <testcase classname="com.crm.concast.contacttest.CreateContactTest" name="createName" time="0.010"/>
  <testcase classname="com.crm.concast.contacttest.CreateContactTest" name="createContact" time="0.025"/>
</testsuite> <!-- com.crm.concast.contacttest.CreateContactTest -->
