<?xml version="1.0" encoding="UTF-8"?>
<!-- Generated by org.testng.reporters.JUnitReportReporter -->
<testsuite hostname="DESKTOP-OQRER6G" failures="0" tests="5" name="TestNag.InvocationCount" time="0.014" errors="0" timestamp="2025-10-31T10:19:28 IST" skipped="0">
  <testcase classname="TestNag.InvocationCount" name="deleteContactTest" time="0.009"/>
  <testcase classname="TestNag.InvocationCount" name="deleteContactTest" time="0.001"/>
  <testcase classname="TestNag.InvocationCount" name="deleteContactTest" time="0.001"/>
  <testcase classname="TestNag.InvocationCount" name="deleteContactTest" time="0.002"/>
  <testcase classname="TestNag.InvocationCount" name="deleteContactTest" time="0.001"/>
</testsuite> <!-- TestNag.InvocationCount -->
