<?xml version="1.0" encoding="UTF-8"?>
<!-- Generated by org.testng.reporters.JUnitReportReporter -->
<testsuite hostname="DESKTOP-OQRER6G" failures="0" tests="2" name="com.crm.concast.orgtest.CreateOrgTest" time="0.009" errors="0" timestamp="2025-10-31T15:18:02 IST" skipped="0">
  <testcase classname="com.crm.concast.orgtest.CreateOrgTest" name="createName" time="0.004"/>
  <testcase classname="com.crm.concast.orgtest.CreateOrgTest" name="createContact" time="0.005"/>
</testsuite> <!-- com.crm.concast.orgtest.CreateOrgTest -->
