<?xml version="1.0" encoding="UTF-8"?>
<!-- Generated by org.testng.reporters.JUnitReportReporter -->
<testsuite hostname="DESKTOP-OQRER6G" failures="0" tests="3" name="TestNag.DataProvider_Test" time="0.016" errors="0" timestamp="2025-10-31T10:52:13 IST" skipped="0">
  <testcase classname="TestNag.DataProvider_Test" name="createContact" time="0.002"/>
  <testcase classname="TestNag.DataProvider_Test" name="createContact" time="0.012"/>
  <testcase classname="TestNag.DataProvider_Test" name="createContact" time="0.002"/>
</testsuite> <!-- TestNag.DataProvider_Test -->
