<?xml version="1.0" encoding="UTF-8"?>
<!-- Generated by org.testng.reporters.JUnitReportReporter -->
<testsuite hostname="DESKTOP-OQRER6G" failures="0" tests="3" name="TestNag.DataProvider_" time="0.013" errors="0" timestamp="2025-10-31T10:40:49 IST" skipped="0">
  <testcase classname="TestNag.DataProvider_" name="createContact" time="0.001"/>
  <testcase classname="TestNag.DataProvider_" name="createContact" time="0.002"/>
  <testcase classname="TestNag.DataProvider_" name="createContact" time="0.010"/>
</testsuite> <!-- TestNag.DataProvider_ -->
