<?xml version="1.0" encoding="UTF-8"?>
<!-- Generated by org.testng.reporters.JUnitReportReporter -->
<testsuite hostname="DESKTOP-OQRER6G" failures="0" tests="3" name="TestNag.RealTime_DataProvider_Amezon" time="22.665" errors="0" timestamp="2025-10-31T11:29:29 IST" skipped="0">
  <testcase classname="TestNag.RealTime_DataProvider_Amezon" name="getProductInfoTest" time="10.454"/>
  <testcase classname="TestNag.RealTime_DataProvider_Amezon" name="getProductInfoTest" time="6.021"/>
  <testcase classname="TestNag.RealTime_DataProvider_Amezon" name="getProductInfoTest" time="6.190"/>
</testsuite> <!-- TestNag.RealTime_DataProvider_Amezon -->
