<?xml version="1.0" encoding="UTF-8"?>
<!-- Generated by org.testng.reporters.JUnitReportReporter -->
<testsuite hostname="DESKTOP-OQRER6G" failures="0" tests="3" name="Sample.TestCasesss.ExtentReport.Sample" time="0.048" errors="0" timestamp="2025-11-06T15:04:07 IST" skipped="0">
  <testcase classname="Sample.TestCasesss.ExtentReport.Sample" name="createContactWithOrg" time="0.007"/>
  <testcase classname="Sample.TestCasesss.ExtentReport.Sample" name="createContact" time="0.031"/>
  <testcase classname="Sample.TestCasesss.ExtentReport.Sample" name="createContactWithPhoneNumber" time="0.010"/>
</testsuite> <!-- Sample.TestCasesss.ExtentReport.Sample -->
